<?xml version="1.0" encoding="UTF-8"?>
<!-- Generated by org.testng.reporters.JUnitReportReporter -->
<testsuite hostname="DESKTOP-V2ONJQQ" failures="0" tests="2" name="mytests.HomePageTest" time="0.238" errors="0" timestamp="2023-04-04T23:52:00 IST" skipped="0">
  <testcase classname="mytests.HomePageTest" name="contactFooterTest" time="0.133"/>
  <system-out/>
  <testcase classname="mytests.HomePageTest" name="headerTest" time="0.105"/>
  <system-out/>
</testsuite> <!-- mytests.HomePageTest -->
